INFO  [Thread-5] 2017-07-18 16:27:31,259 repast.simphony.batch.ssh.LocalSession - 	at plantsInsects.PlantInsectBuilder.build(PlantInsectBuilder.java:68)
INFO  [Thread-5] 2017-07-18 16:27:31,259 repast.simphony.batch.ssh.LocalSession - 	at repast.simphony.dataLoader.engine.ClassNameContextBuilder.build(ClassNameContextBuilder.java:41)
INFO  [Thread-5] 2017-07-18 16:27:31,259 repast.simphony.batch.ssh.LocalSession - 	at repast.simphony.dataLoader.engine.DataLoaderControllerAction.runInitialize(DataLoaderControllerAction.java:48)
INFO  [Thread-5] 2017-07-18 16:27:31,259 repast.simphony.batch.ssh.LocalSession - 	at repast.simphony.engine.controller.DefaultController$2.visit(DefaultController.java:214)
INFO  [Thread-5] 2017-07-18 16:27:31,259 repast.simphony.batch.ssh.LocalSession - 	at repast.simphony.engine.controller.DefaultController$2.visit(DefaultController.java:1)
INFO  [Thread-5] 2017-07-18 16:27:31,259 repast.simphony.batch.ssh.LocalSession - 	at repast.simphony.util.collections.NaryTree.preOrderTraverals(NaryTree.java:292)
INFO  [Thread-5] 2017-07-18 16:27:31,259 repast.simphony.batch.ssh.LocalSession - 	at repast.simphony.util.collections.NaryTree.preOrderTraverals(NaryTree.java:295)
INFO  [Thread-5] 2017-07-18 16:27:31,259 repast.simphony.batch.ssh.LocalSession - 	at repast.simphony.util.collections.NaryTree.preOrderTraverals(NaryTree.java:295)
INFO  [Thread-5] 2017-07-18 16:27:31,259 repast.simphony.batch.ssh.LocalSession - 	at repast.simphony.util.collections.NaryTree.preOrderTraversal(NaryTree.java:288)
INFO  [Thread-5] 2017-07-18 16:27:31,259 repast.simphony.batch.ssh.LocalSession - 	at repast.simphony.engine.controller.DefaultController.runInitialize(DefaultController.java:212)
INFO  [Thread-5] 2017-07-18 16:27:31,259 repast.simphony.batch.ssh.LocalSession - 	at repast.simphony.engine.controller.DefaultController.runInitialize(DefaultController.java:383)
INFO  [Thread-5] 2017-07-18 16:27:31,259 repast.simphony.batch.ssh.LocalSession - 	at repast.simphony.batch.OneRunBatchRunner.run(OneRunBatchRunner.java:101)
INFO  [Thread-5] 2017-07-18 16:27:31,259 repast.simphony.batch.ssh.LocalSession - 	at repast.simphony.batch.InstanceRunner.run(InstanceRunner.java:195)
INFO  [Thread-5] 2017-07-18 16:27:31,259 repast.simphony.batch.ssh.LocalSession - 	at repast.simphony.batch.InstanceRunner.main(InstanceRunner.java:217)
INFO  [pool-3-thread-1] 2017-07-18 16:27:58,000 repast.simphony.batch.ssh.LocalDonePoller - Polled C:\Users\ELIZAB~2\AppData\Local\Temp\simphony_model_1500391611110 for DONE:  yes
INFO  [SwingWorker-pool-2-thread-1] 2017-07-18 16:27:58,000 repast.simphony.batch.ssh.SessionsDriver - Run Time: 1.0297
INFO  [SwingWorker-pool-2-thread-1] 2017-07-18 16:27:58,063 repast.simphony.batch.ssh.LocalSession - Finding output on localhost in C:\Users\ELIZAB~2\AppData\Local\Temp\simphony_model_1500391611110
WARN  [SwingWorker-pool-2-thread-1] 2017-07-18 16:27:58,094 repast.simphony.batch.ssh.OutputFinder - No model output found matching glob:{**\\,}ModelOutput*.batch_param_map.txt in C:\Users\ELIZAB~2\AppData\Local\Temp\simphony_model_1500391611110\instance_1
WARN  [SwingWorker-pool-2-thread-1] 2017-07-18 16:27:58,094 repast.simphony.batch.ssh.OutputFinder - No model output found matching glob:{**\\,}movement*.batch_param_map.txt in C:\Users\ELIZAB~2\AppData\Local\Temp\simphony_model_1500391611110\instance_1
WARN  [SwingWorker-pool-2-thread-1] 2017-07-18 16:27:58,094 repast.simphony.batch.ssh.OutputFinder - No model output found matching glob:{**\\,}plant*.batch_param_map.txt in C:\Users\ELIZAB~2\AppData\Local\Temp\simphony_model_1500391611110\instance_1
WARN  [SwingWorker-pool-2-thread-1] 2017-07-18 16:27:58,094 repast.simphony.batch.ssh.OutputFinder - No model output found matching glob:{**\\,}ModelOutput*.batch_param_map.txt in C:\Users\ELIZAB~2\AppData\Local\Temp\simphony_model_1500391611110\instance_2
WARN  [SwingWorker-pool-2-thread-1] 2017-07-18 16:27:58,094 repast.simphony.batch.ssh.OutputFinder - No model output found matching glob:{**\\,}movement*.batch_param_map.txt in C:\Users\ELIZAB~2\AppData\Local\Temp\simphony_model_1500391611110\instance_2
WARN  [SwingWorker-pool-2-thread-1] 2017-07-18 16:27:58,094 repast.simphony.batch.ssh.OutputFinder - No model output found matching glob:{**\\,}plant*.batch_param_map.txt in C:\Users\ELIZAB~2\AppData\Local\Temp\simphony_model_1500391611110\instance_2
INFO  [SwingWorker-pool-2-thread-1] 2017-07-18 16:27:58,094 repast.simphony.batch.ssh.SessionsDriver - Aggregating output into C:/Users/Elizabeth/git/plantInsectPolyculture/PlantsInsects/output
INFO  [SwingWorker-pool-2-thread-1] 2017-07-18 16:27:58,141 repast.simphony.batch.ssh.SessionsDriver - Get Output Time: 0.0023
INFO  [SwingWorker-pool-2-thread-1] 2017-07-18 16:27:58,141 repast.simphony.batch.ssh.SessionsDriver - Finished. Elapsed Time: 1.1185
INFO  [AWT-EventQueue-0] 2017-07-18 16:29:41,557 repast.simphony.batch.gui.BatchConfigMediator - Writing batch run config file to: C:\Users\Elizabeth\git\plantInsectPolyculture\PlantsInsects\output\config.props
INFO  [AWT-EventQueue-0] 2017-07-18 16:29:41,698 repast.simphony.batch.gui.BatchConfigMediator - Unrolling batch parameter file:
	C:\Users\Elizabeth\git\plantInsectPolyculture\PlantsInsects\batch\batch_params_slugs.xml to
	C:\Users\ELIZAB~2\AppData\Local\Temp\unrolledParamFile.txt
INFO  [SwingWorker-pool-2-thread-1] 2017-07-18 16:29:53,117 repast.simphony.batch.ssh.LocalSession - 
	Copying locally C:\Users\ELIZAB~2\AppData\Local\Temp\Elizabeth_localhost8504474328985408237.zip to 
C:\Users\ELIZAB~2\AppData\Local\Temp\simphony_model_1500391788985 ...
INFO  [SwingWorker-pool-2-thread-1] 2017-07-18 16:29:53,148 repast.simphony.batch.ssh.LocalSession - Copying Finished.
INFO  [SwingWorker-pool-2-thread-1] 2017-07-18 16:29:53,148 repast.simphony.batch.ssh.SessionsDriver - Initialization Time: 0.0694
INFO  [SwingWorker-pool-2-thread-1] 2017-07-18 16:29:53,148 repast.simphony.batch.ssh.LocalSession - Unzipping model C:\Users\ELIZAB~2\AppData\Local\Temp\simphony_model_1500391788985\Elizabeth_localhost8504474328985408237.zip
INFO  [SwingWorker-pool-2-thread-1] 2017-07-18 16:29:56,195 repast.simphony.batch.ssh.LocalSession - Running model on localhost ...
INFO  [Thread-5] 2017-07-18 16:30:32,110 repast.simphony.batch.ssh.LocalSession - ERROR [main] 16:30:32,110 repast.simphony.batch.InstanceRunner - Error while running model
INFO  [Thread-5] 2017-07-18 16:30:32,110 repast.simphony.batch.ssh.LocalSession - repast.simphony.parameter.IllegalParameterException: Parameter 'rowNum' not found in the schema.
INFO  [Thread-5] 2017-07-18 16:30:32,110 repast.simphony.batch.ssh.LocalSession - 	at repast.simphony.parameter.DefaultParameters.getValue(DefaultParameters.java:213)
INFO  [Thread-5] 2017-07-18 16:30:32,110 repast.simphony.batch.ssh.LocalSession - 	at plantsInsects.ParameterSerializationHelper.getEnvironmentParams(ParameterSerializationHelper.java:288)
INFO  [Thread-5] 2017-07-18 16:30:32,110 repast.simphony.batch.ssh.LocalSession - 	at plantsInsects.PlantInsectBuilder.build(PlantInsectBuilder.java:68)
INFO  [Thread-5] 2017-07-18 16:30:32,110 repast.simphony.batch.ssh.LocalSession - 	at repast.simphony.dataLoader.engine.ClassNameContextBuilder.build(ClassNameContextBuilder.java:41)
INFO  [Thread-5] 2017-07-18 16:30:32,110 repast.simphony.batch.ssh.LocalSession - 	at repast.simphony.dataLoader.engine.DataLoaderControllerAction.runInitialize(DataLoaderControllerAction.java:48)
INFO  [Thread-5] 2017-07-18 16:30:32,110 repast.simphony.batch.ssh.LocalSession - 	at repast.simphony.engine.controller.DefaultController$2.visit(DefaultController.java:214)
INFO  [Thread-5] 2017-07-18 16:30:32,110 repast.simphony.batch.ssh.LocalSession - 	at repast.simphony.engine.controller.DefaultController$2.visit(DefaultController.java:1)
INFO  [Thread-5] 2017-07-18 16:30:32,110 repast.simphony.batch.ssh.LocalSession - 	at repast.simphony.util.collections.NaryTree.preOrderTraverals(NaryTree.java:292)
INFO  [Thread-5] 2017-07-18 16:30:32,110 repast.simphony.batch.ssh.LocalSession - 	at repast.simphony.util.collections.NaryTree.preOrderTraverals(NaryTree.java:295)
INFO  [Thread-5] 2017-07-18 16:30:32,110 repast.simphony.batch.ssh.LocalSession - 	at repast.simphony.util.collections.NaryTree.preOrderTraverals(NaryTree.java:295)
INFO  [Thread-5] 2017-07-18 16:30:32,110 repast.simphony.batch.ssh.LocalSession - 	at repast.simphony.util.collections.NaryTree.preOrderTraversal(NaryTree.java:288)
INFO  [Thread-5] 2017-07-18 16:30:32,110 repast.simphony.batch.ssh.LocalSession - 	at repast.simphony.engine.controller.DefaultController.runInitialize(DefaultController.java:212)
INFO  [Thread-5] 2017-07-18 16:30:32,110 repast.simphony.batch.ssh.LocalSession - 	at repast.simphony.engine.controller.DefaultController.runInitialize(DefaultController.java:383)
INFO  [Thread-5] 2017-07-18 16:30:32,110 repast.simphony.batch.ssh.LocalSession - 	at repast.simphony.batch.OneRunBatchRunner.run(OneRunBatchRunner.java:101)
INFO  [Thread-5] 2017-07-18 16:30:32,110 repast.simphony.batch.ssh.LocalSession - 	at repast.simphony.batch.InstanceRunner.run(InstanceRunner.java:195)
INFO  [Thread-5] 2017-07-18 16:30:32,110 repast.simphony.batch.ssh.LocalSession - 	at repast.simphony.batch.InstanceRunner.main(InstanceRunner.java:217)
INFO  [Thread-5] 2017-07-18 16:30:32,626 repast.simphony.batch.ssh.LocalSession - ERROR [main] 16:30:32,610 repast.simphony.batch.InstanceRunner - Error while running model
INFO  [Thread-5] 2017-07-18 16:30:32,626 repast.simphony.batch.ssh.LocalSession - repast.simphony.parameter.IllegalParameterException: Parameter 'rowNum' not found in the schema.
INFO  [Thread-5] 2017-07-18 16:30:32,626 repast.simphony.batch.ssh.LocalSession - 	at repast.simphony.parameter.DefaultParameters.getValue(DefaultParameters.java:213)
INFO  [Thread-5] 2017-07-18 16:30:32,626 repast.simphony.batch.ssh.LocalSession - 	at plantsInsects.ParameterSerializationHelper.getEnvironmentParams(ParameterSerializationHelper.java:288)
INFO  [Thread-5] 2017-07-18 16:30:32,626 repast.simphony.batch.ssh.LocalSession - 	at plantsInsects.PlantInsectBuilder.build(PlantInsectBuilder.java:68)
INFO  [Thread-5] 2017-07-18 16:30:32,626 repast.simphony.batch.ssh.LocalSession - 	at repast.simphony.dataLoader.engine.ClassNameContextBuilder.build(ClassNameContextBuilder.java:41)
INFO  [Thread-5] 2017-07-18 16:30:32,626 repast.simphony.batch.ssh.LocalSession - 	at repast.simphony.dataLoader.engine.DataLoaderControllerAction.runInitialize(DataLoaderControllerAction.java:48)
INFO  [Thread-5] 2017-07-18 16:30:32,626 repast.simphony.batch.ssh.LocalSession - 	at repast.simphony.engine.controller.DefaultController$2.visit(DefaultController.java:214)
INFO  [Thread-5] 2017-07-18 16:30:32,626 repast.simphony.batch.ssh.LocalSession - 	at repast.simphony.engine.controller.DefaultController$2.visit(DefaultController.java:1)
INFO  [Thread-5] 2017-07-18 16:30:32,626 repast.simphony.batch.ssh.LocalSession - 	at repast.simphony.util.collections.NaryTree.preOrderTraverals(NaryTree.java:292)
INFO  [Thread-5] 2017-07-18 16:30:32,626 repast.simphony.batch.ssh.LocalSession - 	at repast.simphony.util.collections.NaryTree.preOrderTraverals(NaryTree.java:295)
INFO  [Thread-5] 2017-07-18 16:30:32,626 repast.simphony.batch.ssh.LocalSession - 	at repast.simphony.util.collections.NaryTree.preOrderTraverals(NaryTree.java:295)
INFO  [Thread-5] 2017-07-18 16:30:32,626 repast.simphony.batch.ssh.LocalSession - 	at repast.simphony.util.collections.NaryTree.preOrderTraversal(NaryTree.java:288)
INFO  [Thread-5] 2017-07-18 16:30:32,626 repast.simphony.batch.ssh.LocalSession - 	at repast.simphony.engine.controller.DefaultController.runInitialize(DefaultController.java:212)
INFO  [Thread-5] 2017-07-18 16:30:32,626 repast.simphony.batch.ssh.LocalSession - 	at repast.simphony.engine.controller.DefaultController.runInitialize(DefaultController.java:383)
INFO  [Thread-5] 2017-07-18 16:30:32,626 repast.simphony.batch.ssh.LocalSession - 	at repast.simphony.batch.OneRunBatchRunner.run(OneRunBatchRunner.java:101)
INFO  [Thread-5] 2017-07-18 16:30:32,626 repast.simphony.batch.ssh.LocalSession - 	at repast.simphony.batch.InstanceRunner.run(InstanceRunner.java:195)
INFO  [Thread-5] 2017-07-18 16:30:32,626 repast.simphony.batch.ssh.LocalSession - 	at repast.simphony.batch.InstanceRunner.main(InstanceRunner.java:217)
INFO  [pool-3-thread-1] 2017-07-18 16:30:56,209 repast.simphony.batch.ssh.LocalDonePoller - Polled C:\Users\ELIZAB~2\AppData\Local\Temp\simphony_model_1500391788985 for DONE:  yes
INFO  [SwingWorker-pool-2-thread-1] 2017-07-18 16:30:56,209 repast.simphony.batch.ssh.SessionsDriver - Run Time: 1.0510
INFO  [SwingWorker-pool-2-thread-1] 2017-07-18 16:30:56,225 repast.simphony.batch.ssh.LocalSession - Finding output on localhost in C:\Users\ELIZAB~2\AppData\Local\Temp\simphony_model_1500391788985
WARN  [SwingWorker-pool-2-thread-1] 2017-07-18 16:30:56,241 repast.simphony.batch.ssh.OutputFinder - No model output found matching glob:{**\\,}ModelOutput*.batch_param_map.txt in C:\Users\ELIZAB~2\AppData\Local\Temp\simphony_model_1500391788985\instance_1
WARN  [SwingWorker-pool-2-thread-1] 2017-07-18 16:30:56,241 repast.simphony.batch.ssh.OutputFinder - No model output found matching glob:{**\\,}movement*.batch_param_map.txt in C:\Users\ELIZAB~2\AppData\Local\Temp\simphony_model_1500391788985\instance_1
WARN  [SwingWorker-pool-2-thread-1] 2017-07-18 16:30:56,241 repast.simphony.batch.ssh.OutputFinder - No model output found matching glob:{**\\,}plant*.batch_param_map.txt in C:\Users\ELIZAB~2\AppData\Local\Temp\simphony_model_1500391788985\instance_1
WARN  [SwingWorker-pool-2-thread-1] 2017-07-18 16:30:56,241 repast.simphony.batch.ssh.OutputFinder - No model output found matching glob:{**\\,}ModelOutput*.batch_param_map.txt in C:\Users\ELIZAB~2\AppData\Local\Temp\simphony_model_1500391788985\instance_2
WARN  [SwingWorker-pool-2-thread-1] 2017-07-18 16:30:56,241 repast.simphony.batch.ssh.OutputFinder - No model output found matching glob:{**\\,}movement*.batch_param_map.txt in C:\Users\ELIZAB~2\AppData\Local\Temp\simphony_model_1500391788985\instance_2
WARN  [SwingWorker-pool-2-thread-1] 2017-07-18 16:30:56,241 repast.simphony.batch.ssh.OutputFinder - No model output found matching glob:{**\\,}plant*.batch_param_map.txt in C:\Users\ELIZAB~2\AppData\Local\Temp\simphony_model_1500391788985\instance_2
INFO  [SwingWorker-pool-2-thread-1] 2017-07-18 16:30:56,241 repast.simphony.batch.ssh.SessionsDriver - Aggregating output into C:/Users/Elizabeth/git/plantInsectPolyculture/PlantsInsects/output
INFO  [SwingWorker-pool-2-thread-1] 2017-07-18 16:30:56,256 repast.simphony.batch.ssh.SessionsDriver - Get Output Time: 0.0008
INFO  [SwingWorker-pool-2-thread-1] 2017-07-18 16:30:56,256 repast.simphony.batch.ssh.SessionsDriver - Finished. Elapsed Time: 1.1225
INFO  [AWT-EventQueue-0] 2017-07-18 16:36:54,575 repast.simphony.batch.gui.BatchConfigMediator - Writing batch run config file to: C:\Users\Elizabeth\git\plantInsectPolyculture\PlantsInsects\output\config.props
INFO  [AWT-EventQueue-0] 2017-07-18 16:36:54,716 repast.simphony.batch.gui.BatchConfigMediator - Unrolling batch parameter file:
	C:\Users\Elizabeth\git\plantInsectPolyculture\PlantsInsects\batch\batch_params_slugs.xml to
	C:\Users\ELIZAB~2\AppData\Local\Temp\unrolledParamFile.txt
INFO  [SwingWorker-pool-2-thread-1] 2017-07-18 16:37:06,541 repast.simphony.batch.ssh.LocalSession - 
	Copying locally C:\Users\ELIZAB~2\AppData\Local\Temp\Elizabeth_localhost8313274347308778537.zip to 
C:\Users\ELIZAB~2\AppData\Local\Temp\simphony_model_1500392222384 ...
INFO  [SwingWorker-pool-2-thread-1] 2017-07-18 16:37:06,572 repast.simphony.batch.ssh.LocalSession - Copying Finished.
INFO  [SwingWorker-pool-2-thread-1] 2017-07-18 16:37:06,572 repast.simphony.batch.ssh.SessionsDriver - Initialization Time: 0.0698
INFO  [SwingWorker-pool-2-thread-1] 2017-07-18 16:37:06,572 repast.simphony.batch.ssh.LocalSession - Unzipping model C:\Users\ELIZAB~2\AppData\Local\Temp\simphony_model_1500392222384\Elizabeth_localhost8313274347308778537.zip
INFO  [SwingWorker-pool-2-thread-1] 2017-07-18 16:37:08,152 repast.simphony.batch.ssh.LocalSession - Running model on localhost ...
INFO  [pool-3-thread-1] 2017-07-18 16:38:08,169 repast.simphony.batch.ssh.LocalDonePoller - Polled C:\Users\ELIZAB~2\AppData\Local\Temp\simphony_model_1500392222384 for DONE:  no
INFO  [pool-3-thread-1] 2017-07-18 16:39:08,180 repast.simphony.batch.ssh.LocalDonePoller - Polled C:\Users\ELIZAB~2\AppData\Local\Temp\simphony_model_1500392222384 for DONE:  no
INFO  [pool-3-thread-1] 2017-07-18 16:40:08,192 repast.simphony.batch.ssh.LocalDonePoller - Polled C:\Users\ELIZAB~2\AppData\Local\Temp\simphony_model_1500392222384 for DONE:  yes
INFO  [SwingWorker-pool-2-thread-1] 2017-07-18 16:40:08,192 repast.simphony.batch.ssh.SessionsDriver - Run Time: 3.0270
INFO  [SwingWorker-pool-2-thread-1] 2017-07-18 16:40:08,208 repast.simphony.batch.ssh.LocalSession - Finding output on localhost in C:\Users\ELIZAB~2\AppData\Local\Temp\simphony_model_1500392222384
INFO  [SwingWorker-pool-2-thread-1] 2017-07-18 16:40:08,223 repast.simphony.batch.ssh.SessionsDriver - Aggregating output into C:/Users/Elizabeth/git/plantInsectPolyculture/PlantsInsects/output
INFO  [SwingWorker-pool-2-thread-1] 2017-07-18 16:40:08,239 repast.simphony.batch.ssh.SessionsDriver - Get Output Time: 0.0008
INFO  [SwingWorker-pool-2-thread-1] 2017-07-18 16:40:08,239 repast.simphony.batch.ssh.SessionsDriver - Finished. Elapsed Time: 3.1010
