2016-05-24 11:54:42,205 - ************************************************************** 
2016-05-24 11:54:42,205 - Starting Jakarta Velocity v1.4
2016-05-24 11:54:42,205 - RuntimeInstance initializing.
2016-05-24 11:54:42,205 - Default Properties File: org\apache\velocity\runtime\defaults\velocity.properties
2016-05-24 11:54:42,205 - Trying to use logger class org.apache.velocity.runtime.log.SimpleLog4JLogSystem
2016-05-24 11:54:42,205 - Using logger class org.apache.velocity.runtime.log.SimpleLog4JLogSystem
2016-05-24 11:54:42,220 - Default ResourceManager initializing. (class org.apache.velocity.runtime.resource.ResourceManagerImpl)
2016-05-24 11:54:42,220 - Resource Loader Instantiated: org.apache.velocity.runtime.resource.loader.ClasspathResourceLoader
2016-05-24 11:54:42,220 - ClasspathResourceLoader : initialization starting.
2016-05-24 11:54:42,220 - ClasspathResourceLoader : initialization complete.
2016-05-24 11:54:42,220 - ResourceCache : initialized. (class org.apache.velocity.runtime.resource.ResourceCacheImpl)
2016-05-24 11:54:42,220 - Default ResourceManager initialization complete.
2016-05-24 11:54:42,220 - Loaded System Directive: org.apache.velocity.runtime.directive.Literal
2016-05-24 11:54:42,220 - Loaded System Directive: org.apache.velocity.runtime.directive.Macro
2016-05-24 11:54:42,220 - Loaded System Directive: org.apache.velocity.runtime.directive.Parse
2016-05-24 11:54:42,236 - Loaded System Directive: org.apache.velocity.runtime.directive.Include
2016-05-24 11:54:42,236 - Loaded System Directive: org.apache.velocity.runtime.directive.Foreach
2016-05-24 11:54:42,267 - Created: 20 parsers.
2016-05-24 11:54:42,267 - Velocimacro : initialization starting.
2016-05-24 11:54:42,267 - Velocimacro : adding VMs from VM library template : VM_global_library.vm
2016-05-24 11:54:42,290 - ResourceManager : unable to find resource 'VM_global_library.vm' in any resource loader.
2016-05-24 11:54:42,290 - Velocimacro : error using  VM library template VM_global_library.vm : org.apache.velocity.exception.ResourceNotFoundException: Unable to find resource 'VM_global_library.vm'
2016-05-24 11:54:42,290 - Velocimacro :  VM library template macro registration complete.
2016-05-24 11:54:42,290 - Velocimacro : allowInline = true : VMs can be defined inline in templates
2016-05-24 11:54:42,290 - Velocimacro : allowInlineToOverride = false : VMs defined inline may NOT replace previous VM definitions
2016-05-24 11:54:42,290 - Velocimacro : allowInlineLocal = false : VMs defined inline will be  global in scope if allowed.
2016-05-24 11:54:42,290 - Velocimacro : messages on  : VM system will output logging messages
2016-05-24 11:54:42,290 - Velocimacro : autoload off  : VM system will not automatically reload global library macros
2016-05-24 11:54:42,290 - Velocimacro : initialization complete.
2016-05-24 11:54:42,290 - Velocity successfully started.
2016-05-24 11:56:44,598 - SimpleLog4JLogSystem initialized using logfile 'velocity.log'
2016-05-24 11:56:44,598 - ************************************************************** 
2016-05-24 11:56:44,598 - Starting Jakarta Velocity v1.4
2016-05-24 11:56:44,598 - RuntimeInstance initializing.
2016-05-24 11:56:44,598 - Default Properties File: org\apache\velocity\runtime\defaults\velocity.properties
2016-05-24 11:56:44,598 - Trying to use logger class org.apache.velocity.runtime.log.SimpleLog4JLogSystem
2016-05-24 11:56:44,598 - Using logger class org.apache.velocity.runtime.log.SimpleLog4JLogSystem
2016-05-24 11:56:44,598 - Default ResourceManager initializing. (class org.apache.velocity.runtime.resource.ResourceManagerImpl)
2016-05-24 11:56:44,598 - Resource Loader Instantiated: org.apache.velocity.runtime.resource.loader.ClasspathResourceLoader
2016-05-24 11:56:44,598 - ClasspathResourceLoader : initialization starting.
2016-05-24 11:56:44,598 - ClasspathResourceLoader : initialization complete.
2016-05-24 11:56:44,598 - ResourceCache : initialized. (class org.apache.velocity.runtime.resource.ResourceCacheImpl)
2016-05-24 11:56:44,598 - Default ResourceManager initialization complete.
2016-05-24 11:56:44,614 - Loaded System Directive: org.apache.velocity.runtime.directive.Literal
2016-05-24 11:56:44,614 - Loaded System Directive: org.apache.velocity.runtime.directive.Macro
2016-05-24 11:56:44,614 - Loaded System Directive: org.apache.velocity.runtime.directive.Parse
2016-05-24 11:56:44,614 - Loaded System Directive: org.apache.velocity.runtime.directive.Include
2016-05-24 11:56:44,614 - Loaded System Directive: org.apache.velocity.runtime.directive.Foreach
2016-05-24 11:56:44,652 - Created: 20 parsers.
2016-05-24 11:56:44,652 - Velocimacro : initialization starting.
2016-05-24 11:56:44,652 - Velocimacro : adding VMs from VM library template : VM_global_library.vm
2016-05-24 11:56:44,667 - ResourceManager : unable to find resource 'VM_global_library.vm' in any resource loader.
2016-05-24 11:56:44,667 - Velocimacro : error using  VM library template VM_global_library.vm : org.apache.velocity.exception.ResourceNotFoundException: Unable to find resource 'VM_global_library.vm'
2016-05-24 11:56:44,667 - Velocimacro :  VM library template macro registration complete.
2016-05-24 11:56:44,667 - Velocimacro : allowInline = true : VMs can be defined inline in templates
2016-05-24 11:56:44,667 - Velocimacro : allowInlineToOverride = false : VMs defined inline may NOT replace previous VM definitions
2016-05-24 11:56:44,667 - Velocimacro : allowInlineLocal = false : VMs defined inline will be  global in scope if allowed.
2016-05-24 11:56:44,667 - Velocimacro : messages on  : VM system will output logging messages
2016-05-24 11:56:44,667 - Velocimacro : autoload off  : VM system will not automatically reload global library macros
2016-05-24 11:56:44,667 - Velocimacro : initialization complete.
2016-05-24 11:56:44,667 - Velocity successfully started.
2016-05-24 11:59:14,278 - SimpleLog4JLogSystem initialized using logfile 'velocity.log'
2016-05-24 11:59:14,278 - ************************************************************** 
2016-05-24 11:59:14,278 - Starting Jakarta Velocity v1.4
2016-05-24 11:59:14,278 - RuntimeInstance initializing.
2016-05-24 11:59:14,278 - Default Properties File: org\apache\velocity\runtime\defaults\velocity.properties
2016-05-24 11:59:14,278 - Trying to use logger class org.apache.velocity.runtime.log.SimpleLog4JLogSystem
2016-05-24 11:59:14,278 - Using logger class org.apache.velocity.runtime.log.SimpleLog4JLogSystem
2016-05-24 11:59:14,293 - Default ResourceManager initializing. (class org.apache.velocity.runtime.resource.ResourceManagerImpl)
2016-05-24 11:59:14,293 - Resource Loader Instantiated: org.apache.velocity.runtime.resource.loader.ClasspathResourceLoader
2016-05-24 11:59:14,293 - ClasspathResourceLoader : initialization starting.
2016-05-24 11:59:14,293 - ClasspathResourceLoader : initialization complete.
2016-05-24 11:59:14,293 - ResourceCache : initialized. (class org.apache.velocity.runtime.resource.ResourceCacheImpl)
2016-05-24 11:59:14,293 - Default ResourceManager initialization complete.
2016-05-24 11:59:14,293 - Loaded System Directive: org.apache.velocity.runtime.directive.Literal
2016-05-24 11:59:14,293 - Loaded System Directive: org.apache.velocity.runtime.directive.Macro
2016-05-24 11:59:14,293 - Loaded System Directive: org.apache.velocity.runtime.directive.Parse
2016-05-24 11:59:14,309 - Loaded System Directive: org.apache.velocity.runtime.directive.Include
2016-05-24 11:59:14,309 - Loaded System Directive: org.apache.velocity.runtime.directive.Foreach
2016-05-24 11:59:14,340 - Created: 20 parsers.
2016-05-24 11:59:14,340 - Velocimacro : initialization starting.
2016-05-24 11:59:14,340 - Velocimacro : adding VMs from VM library template : VM_global_library.vm
2016-05-24 11:59:14,362 - ResourceManager : unable to find resource 'VM_global_library.vm' in any resource loader.
2016-05-24 11:59:14,362 - Velocimacro : error using  VM library template VM_global_library.vm : org.apache.velocity.exception.ResourceNotFoundException: Unable to find resource 'VM_global_library.vm'
2016-05-24 11:59:14,362 - Velocimacro :  VM library template macro registration complete.
2016-05-24 11:59:14,362 - Velocimacro : allowInline = true : VMs can be defined inline in templates
2016-05-24 11:59:14,362 - Velocimacro : allowInlineToOverride = false : VMs defined inline may NOT replace previous VM definitions
2016-05-24 11:59:14,362 - Velocimacro : allowInlineLocal = false : VMs defined inline will be  global in scope if allowed.
2016-05-24 11:59:14,362 - Velocimacro : messages on  : VM system will output logging messages
2016-05-24 11:59:14,362 - Velocimacro : autoload off  : VM system will not automatically reload global library macros
2016-05-24 11:59:14,362 - Velocimacro : initialization complete.
2016-05-24 11:59:14,362 - Velocity successfully started.
2016-05-24 12:02:02,117 - SimpleLog4JLogSystem initialized using logfile 'velocity.log'
2016-05-24 12:02:02,117 - ************************************************************** 
2016-05-24 12:02:02,117 - Starting Jakarta Velocity v1.4
2016-05-24 12:02:02,117 - RuntimeInstance initializing.
2016-05-24 12:02:02,117 - Default Properties File: org\apache\velocity\runtime\defaults\velocity.properties
2016-05-24 12:02:02,117 - Trying to use logger class org.apache.velocity.runtime.log.SimpleLog4JLogSystem
2016-05-24 12:02:02,117 - Using logger class org.apache.velocity.runtime.log.SimpleLog4JLogSystem
2016-05-24 12:02:02,133 - Default ResourceManager initializing. (class org.apache.velocity.runtime.resource.ResourceManagerImpl)
2016-05-24 12:02:02,133 - Resource Loader Instantiated: org.apache.velocity.runtime.resource.loader.ClasspathResourceLoader
2016-05-24 12:02:02,133 - ClasspathResourceLoader : initialization starting.
2016-05-24 12:02:02,133 - ClasspathResourceLoader : initialization complete.
2016-05-24 12:02:02,133 - ResourceCache : initialized. (class org.apache.velocity.runtime.resource.ResourceCacheImpl)
2016-05-24 12:02:02,133 - Default ResourceManager initialization complete.
2016-05-24 12:02:02,133 - Loaded System Directive: org.apache.velocity.runtime.directive.Literal
2016-05-24 12:02:02,133 - Loaded System Directive: org.apache.velocity.runtime.directive.Macro
2016-05-24 12:02:02,149 - Loaded System Directive: org.apache.velocity.runtime.directive.Parse
2016-05-24 12:02:02,149 - Loaded System Directive: org.apache.velocity.runtime.directive.Include
2016-05-24 12:02:02,149 - Loaded System Directive: org.apache.velocity.runtime.directive.Foreach
2016-05-24 12:02:02,182 - Created: 20 parsers.
2016-05-24 12:02:02,186 - Velocimacro : initialization starting.
2016-05-24 12:02:02,186 - Velocimacro : adding VMs from VM library template : VM_global_library.vm
2016-05-24 12:02:02,202 - ResourceManager : unable to find resource 'VM_global_library.vm' in any resource loader.
2016-05-24 12:02:02,202 - Velocimacro : error using  VM library template VM_global_library.vm : org.apache.velocity.exception.ResourceNotFoundException: Unable to find resource 'VM_global_library.vm'
2016-05-24 12:02:02,202 - Velocimacro :  VM library template macro registration complete.
2016-05-24 12:02:02,202 - Velocimacro : allowInline = true : VMs can be defined inline in templates
2016-05-24 12:02:02,202 - Velocimacro : allowInlineToOverride = false : VMs defined inline may NOT replace previous VM definitions
2016-05-24 12:02:02,202 - Velocimacro : allowInlineLocal = false : VMs defined inline will be  global in scope if allowed.
2016-05-24 12:02:02,202 - Velocimacro : messages on  : VM system will output logging messages
2016-05-24 12:02:02,202 - Velocimacro : autoload off  : VM system will not automatically reload global library macros
2016-05-24 12:02:02,202 - Velocimacro : initialization complete.
2016-05-24 12:02:02,202 - Velocity successfully started.
2016-05-24 12:08:45,684 - SimpleLog4JLogSystem initialized using logfile 'velocity.log'
2016-05-24 12:08:45,684 - ************************************************************** 
2016-05-24 12:08:45,684 - Starting Jakarta Velocity v1.4
2016-05-24 12:08:45,684 - RuntimeInstance initializing.
2016-05-24 12:08:45,684 - Default Properties File: org\apache\velocity\runtime\defaults\velocity.properties
2016-05-24 12:08:45,684 - Trying to use logger class org.apache.velocity.runtime.log.SimpleLog4JLogSystem
2016-05-24 12:08:45,684 - Using logger class org.apache.velocity.runtime.log.SimpleLog4JLogSystem
2016-05-24 12:08:45,684 - Default ResourceManager initializing. (class org.apache.velocity.runtime.resource.ResourceManagerImpl)
2016-05-24 12:08:45,684 - Resource Loader Instantiated: org.apache.velocity.runtime.resource.loader.ClasspathResourceLoader
2016-05-24 12:08:45,684 - ClasspathResourceLoader : initialization starting.
2016-05-24 12:08:45,684 - ClasspathResourceLoader : initialization complete.
2016-05-24 12:08:45,684 - ResourceCache : initialized. (class org.apache.velocity.runtime.resource.ResourceCacheImpl)
2016-05-24 12:08:45,684 - Default ResourceManager initialization complete.
2016-05-24 12:08:45,684 - Loaded System Directive: org.apache.velocity.runtime.directive.Literal
2016-05-24 12:08:45,684 - Loaded System Directive: org.apache.velocity.runtime.directive.Macro
2016-05-24 12:08:45,700 - Loaded System Directive: org.apache.velocity.runtime.directive.Parse
2016-05-24 12:08:45,700 - Loaded System Directive: org.apache.velocity.runtime.directive.Include
2016-05-24 12:08:45,700 - Loaded System Directive: org.apache.velocity.runtime.directive.Foreach
2016-05-24 12:08:45,736 - Created: 20 parsers.
2016-05-24 12:08:45,738 - Velocimacro : initialization starting.
2016-05-24 12:08:45,738 - Velocimacro : adding VMs from VM library template : VM_global_library.vm
2016-05-24 12:08:45,753 - ResourceManager : unable to find resource 'VM_global_library.vm' in any resource loader.
2016-05-24 12:08:45,753 - Velocimacro : error using  VM library template VM_global_library.vm : org.apache.velocity.exception.ResourceNotFoundException: Unable to find resource 'VM_global_library.vm'
2016-05-24 12:08:45,753 - Velocimacro :  VM library template macro registration complete.
2016-05-24 12:08:45,753 - Velocimacro : allowInline = true : VMs can be defined inline in templates
2016-05-24 12:08:45,753 - Velocimacro : allowInlineToOverride = false : VMs defined inline may NOT replace previous VM definitions
2016-05-24 12:08:45,753 - Velocimacro : allowInlineLocal = false : VMs defined inline will be  global in scope if allowed.
2016-05-24 12:08:45,753 - Velocimacro : messages on  : VM system will output logging messages
2016-05-24 12:08:45,753 - Velocimacro : autoload off  : VM system will not automatically reload global library macros
2016-05-24 12:08:45,753 - Velocimacro : initialization complete.
2016-05-24 12:08:45,753 - Velocity successfully started.
2016-05-24 12:13:54,154 - SimpleLog4JLogSystem initialized using logfile 'velocity.log'
2016-05-24 12:13:54,154 - ************************************************************** 
2016-05-24 12:13:54,154 - Starting Jakarta Velocity v1.4
2016-05-24 12:13:54,154 - RuntimeInstance initializing.
2016-05-24 12:13:54,154 - Default Properties File: org\apache\velocity\runtime\defaults\velocity.properties
2016-05-24 12:13:54,154 - Trying to use logger class org.apache.velocity.runtime.log.SimpleLog4JLogSystem
2016-05-24 12:13:54,154 - Using logger class org.apache.velocity.runtime.log.SimpleLog4JLogSystem
2016-05-24 12:13:54,154 - Default ResourceManager initializing. (class org.apache.velocity.runtime.resource.ResourceManagerImpl)
2016-05-24 12:13:54,154 - Resource Loader Instantiated: org.apache.velocity.runtime.resource.loader.ClasspathResourceLoader
2016-05-24 12:13:54,154 - ClasspathResourceLoader : initialization starting.
2016-05-24 12:13:54,154 - ClasspathResourceLoader : initialization complete.
2016-05-24 12:13:54,154 - ResourceCache : initialized. (class org.apache.velocity.runtime.resource.ResourceCacheImpl)
2016-05-24 12:13:54,154 - Default ResourceManager initialization complete.
2016-05-24 12:13:54,154 - Loaded System Directive: org.apache.velocity.runtime.directive.Literal
2016-05-24 12:13:54,154 - Loaded System Directive: org.apache.velocity.runtime.directive.Macro
2016-05-24 12:13:54,170 - Loaded System Directive: org.apache.velocity.runtime.directive.Parse
2016-05-24 12:13:54,170 - Loaded System Directive: org.apache.velocity.runtime.directive.Include
2016-05-24 12:13:54,170 - Loaded System Directive: org.apache.velocity.runtime.directive.Foreach
2016-05-24 12:13:54,201 - Created: 20 parsers.
2016-05-24 12:13:54,217 - Velocimacro : initialization starting.
2016-05-24 12:13:54,218 - Velocimacro : adding VMs from VM library template : VM_global_library.vm
2016-05-24 12:13:54,223 - ResourceManager : unable to find resource 'VM_global_library.vm' in any resource loader.
2016-05-24 12:13:54,223 - Velocimacro : error using  VM library template VM_global_library.vm : org.apache.velocity.exception.ResourceNotFoundException: Unable to find resource 'VM_global_library.vm'
2016-05-24 12:13:54,223 - Velocimacro :  VM library template macro registration complete.
2016-05-24 12:13:54,223 - Velocimacro : allowInline = true : VMs can be defined inline in templates
2016-05-24 12:13:54,223 - Velocimacro : allowInlineToOverride = false : VMs defined inline may NOT replace previous VM definitions
2016-05-24 12:13:54,223 - Velocimacro : allowInlineLocal = false : VMs defined inline will be  global in scope if allowed.
2016-05-24 12:13:54,223 - Velocimacro : messages on  : VM system will output logging messages
2016-05-24 12:13:54,223 - Velocimacro : autoload off  : VM system will not automatically reload global library macros
2016-05-24 12:13:54,223 - Velocimacro : initialization complete.
2016-05-24 12:13:54,223 - Velocity successfully started.
2016-05-24 12:19:05,515 - SimpleLog4JLogSystem initialized using logfile 'velocity.log'
2016-05-24 12:19:05,515 - ************************************************************** 
2016-05-24 12:19:05,515 - Starting Jakarta Velocity v1.4
2016-05-24 12:19:05,515 - RuntimeInstance initializing.
2016-05-24 12:19:05,515 - Default Properties File: org\apache\velocity\runtime\defaults\velocity.properties
2016-05-24 12:19:05,515 - Trying to use logger class org.apache.velocity.runtime.log.SimpleLog4JLogSystem
2016-05-24 12:19:05,515 - Using logger class org.apache.velocity.runtime.log.SimpleLog4JLogSystem
2016-05-24 12:19:05,515 - Default ResourceManager initializing. (class org.apache.velocity.runtime.resource.ResourceManagerImpl)
2016-05-24 12:19:05,515 - Resource Loader Instantiated: org.apache.velocity.runtime.resource.loader.ClasspathResourceLoader
2016-05-24 12:19:05,515 - ClasspathResourceLoader : initialization starting.
2016-05-24 12:19:05,515 - ClasspathResourceLoader : initialization complete.
2016-05-24 12:19:05,515 - ResourceCache : initialized. (class org.apache.velocity.runtime.resource.ResourceCacheImpl)
2016-05-24 12:19:05,515 - Default ResourceManager initialization complete.
2016-05-24 12:19:05,531 - Loaded System Directive: org.apache.velocity.runtime.directive.Literal
2016-05-24 12:19:05,531 - Loaded System Directive: org.apache.velocity.runtime.directive.Macro
2016-05-24 12:19:05,531 - Loaded System Directive: org.apache.velocity.runtime.directive.Parse
2016-05-24 12:19:05,531 - Loaded System Directive: org.apache.velocity.runtime.directive.Include
2016-05-24 12:19:05,531 - Loaded System Directive: org.apache.velocity.runtime.directive.Foreach
2016-05-24 12:19:05,562 - Created: 20 parsers.
2016-05-24 12:19:05,578 - Velocimacro : initialization starting.
2016-05-24 12:19:05,578 - Velocimacro : adding VMs from VM library template : VM_global_library.vm
2016-05-24 12:19:05,598 - ResourceManager : unable to find resource 'VM_global_library.vm' in any resource loader.
2016-05-24 12:19:05,598 - Velocimacro : error using  VM library template VM_global_library.vm : org.apache.velocity.exception.ResourceNotFoundException: Unable to find resource 'VM_global_library.vm'
2016-05-24 12:19:05,598 - Velocimacro :  VM library template macro registration complete.
2016-05-24 12:19:05,598 - Velocimacro : allowInline = true : VMs can be defined inline in templates
2016-05-24 12:19:05,598 - Velocimacro : allowInlineToOverride = false : VMs defined inline may NOT replace previous VM definitions
2016-05-24 12:19:05,598 - Velocimacro : allowInlineLocal = false : VMs defined inline will be  global in scope if allowed.
2016-05-24 12:19:05,598 - Velocimacro : messages on  : VM system will output logging messages
2016-05-24 12:19:05,598 - Velocimacro : autoload off  : VM system will not automatically reload global library macros
2016-05-24 12:19:05,598 - Velocimacro : initialization complete.
2016-05-24 12:19:05,598 - Velocity successfully started.
2016-05-24 12:22:13,927 - SimpleLog4JLogSystem initialized using logfile 'velocity.log'
2016-05-24 12:22:13,927 - ************************************************************** 
2016-05-24 12:22:13,927 - Starting Jakarta Velocity v1.4
2016-05-24 12:22:13,927 - RuntimeInstance initializing.
2016-05-24 12:22:13,927 - Default Properties File: org\apache\velocity\runtime\defaults\velocity.properties
2016-05-24 12:22:13,927 - Trying to use logger class org.apache.velocity.runtime.log.SimpleLog4JLogSystem
2016-05-24 12:22:13,927 - Using logger class org.apache.velocity.runtime.log.SimpleLog4JLogSystem
2016-05-24 12:22:13,944 - Default ResourceManager initializing. (class org.apache.velocity.runtime.resource.ResourceManagerImpl)
2016-05-24 12:22:13,947 - Resource Loader Instantiated: org.apache.velocity.runtime.resource.loader.ClasspathResourceLoader
2016-05-24 12:22:13,947 - ClasspathResourceLoader : initialization starting.
2016-05-24 12:22:13,947 - ClasspathResourceLoader : initialization complete.
2016-05-24 12:22:13,949 - ResourceCache : initialized. (class org.apache.velocity.runtime.resource.ResourceCacheImpl)
2016-05-24 12:22:13,949 - Default ResourceManager initialization complete.
2016-05-24 12:22:13,950 - Loaded System Directive: org.apache.velocity.runtime.directive.Literal
2016-05-24 12:22:13,950 - Loaded System Directive: org.apache.velocity.runtime.directive.Macro
2016-05-24 12:22:13,950 - Loaded System Directive: org.apache.velocity.runtime.directive.Parse
2016-05-24 12:22:13,950 - Loaded System Directive: org.apache.velocity.runtime.directive.Include
2016-05-24 12:22:13,950 - Loaded System Directive: org.apache.velocity.runtime.directive.Foreach
2016-05-24 12:22:13,981 - Created: 20 parsers.
2016-05-24 12:22:13,997 - Velocimacro : initialization starting.
2016-05-24 12:22:13,997 - Velocimacro : adding VMs from VM library template : VM_global_library.vm
2016-05-24 12:22:14,012 - ResourceManager : unable to find resource 'VM_global_library.vm' in any resource loader.
2016-05-24 12:22:14,012 - Velocimacro : error using  VM library template VM_global_library.vm : org.apache.velocity.exception.ResourceNotFoundException: Unable to find resource 'VM_global_library.vm'
2016-05-24 12:22:14,012 - Velocimacro :  VM library template macro registration complete.
2016-05-24 12:22:14,012 - Velocimacro : allowInline = true : VMs can be defined inline in templates
2016-05-24 12:22:14,012 - Velocimacro : allowInlineToOverride = false : VMs defined inline may NOT replace previous VM definitions
2016-05-24 12:22:14,012 - Velocimacro : allowInlineLocal = false : VMs defined inline will be  global in scope if allowed.
2016-05-24 12:22:14,012 - Velocimacro : messages on  : VM system will output logging messages
2016-05-24 12:22:14,012 - Velocimacro : autoload off  : VM system will not automatically reload global library macros
2016-05-24 12:22:14,012 - Velocimacro : initialization complete.
2016-05-24 12:22:14,012 - Velocity successfully started.
2016-05-24 12:26:32,888 - SimpleLog4JLogSystem initialized using logfile 'velocity.log'
2016-05-24 12:26:32,888 - ************************************************************** 
2016-05-24 12:26:32,888 - Starting Jakarta Velocity v1.4
2016-05-24 12:26:32,888 - RuntimeInstance initializing.
2016-05-24 12:26:32,888 - Default Properties File: org\apache\velocity\runtime\defaults\velocity.properties
2016-05-24 12:26:32,888 - Trying to use logger class org.apache.velocity.runtime.log.SimpleLog4JLogSystem
2016-05-24 12:26:32,888 - Using logger class org.apache.velocity.runtime.log.SimpleLog4JLogSystem
2016-05-24 12:26:32,888 - Default ResourceManager initializing. (class org.apache.velocity.runtime.resource.ResourceManagerImpl)
2016-05-24 12:26:32,888 - Resource Loader Instantiated: org.apache.velocity.runtime.resource.loader.ClasspathResourceLoader
2016-05-24 12:26:32,888 - ClasspathResourceLoader : initialization starting.
2016-05-24 12:26:32,888 - ClasspathResourceLoader : initialization complete.
2016-05-24 12:26:32,888 - ResourceCache : initialized. (class org.apache.velocity.runtime.resource.ResourceCacheImpl)
2016-05-24 12:26:32,888 - Default ResourceManager initialization complete.
2016-05-24 12:26:32,903 - Loaded System Directive: org.apache.velocity.runtime.directive.Literal
2016-05-24 12:26:32,903 - Loaded System Directive: org.apache.velocity.runtime.directive.Macro
2016-05-24 12:26:32,903 - Loaded System Directive: org.apache.velocity.runtime.directive.Parse
2016-05-24 12:26:32,903 - Loaded System Directive: org.apache.velocity.runtime.directive.Include
2016-05-24 12:26:32,903 - Loaded System Directive: org.apache.velocity.runtime.directive.Foreach
2016-05-24 12:26:32,941 - Created: 20 parsers.
2016-05-24 12:26:32,941 - Velocimacro : initialization starting.
2016-05-24 12:26:32,941 - Velocimacro : adding VMs from VM library template : VM_global_library.vm
2016-05-24 12:26:32,957 - ResourceManager : unable to find resource 'VM_global_library.vm' in any resource loader.
2016-05-24 12:26:32,957 - Velocimacro : error using  VM library template VM_global_library.vm : org.apache.velocity.exception.ResourceNotFoundException: Unable to find resource 'VM_global_library.vm'
2016-05-24 12:26:32,957 - Velocimacro :  VM library template macro registration complete.
2016-05-24 12:26:32,957 - Velocimacro : allowInline = true : VMs can be defined inline in templates
2016-05-24 12:26:32,957 - Velocimacro : allowInlineToOverride = false : VMs defined inline may NOT replace previous VM definitions
2016-05-24 12:26:32,957 - Velocimacro : allowInlineLocal = false : VMs defined inline will be  global in scope if allowed.
2016-05-24 12:26:32,957 - Velocimacro : messages on  : VM system will output logging messages
2016-05-24 12:26:32,957 - Velocimacro : autoload off  : VM system will not automatically reload global library macros
2016-05-24 12:26:32,957 - Velocimacro : initialization complete.
2016-05-24 12:26:32,957 - Velocity successfully started.
2016-05-24 12:37:27,633 - SimpleLog4JLogSystem initialized using logfile 'velocity.log'
2016-05-24 12:37:27,633 - ************************************************************** 
2016-05-24 12:37:27,633 - Starting Jakarta Velocity v1.4
2016-05-24 12:37:27,633 - RuntimeInstance initializing.
2016-05-24 12:37:27,633 - Default Properties File: org\apache\velocity\runtime\defaults\velocity.properties
2016-05-24 12:37:27,633 - Trying to use logger class org.apache.velocity.runtime.log.SimpleLog4JLogSystem
2016-05-24 12:37:27,633 - Using logger class org.apache.velocity.runtime.log.SimpleLog4JLogSystem
2016-05-24 12:37:27,637 - Default ResourceManager initializing. (class org.apache.velocity.runtime.resource.ResourceManagerImpl)
2016-05-24 12:37:27,637 - Resource Loader Instantiated: org.apache.velocity.runtime.resource.loader.ClasspathResourceLoader
2016-05-24 12:37:27,637 - ClasspathResourceLoader : initialization starting.
2016-05-24 12:37:27,637 - ClasspathResourceLoader : initialization complete.
2016-05-24 12:37:27,637 - ResourceCache : initialized. (class org.apache.velocity.runtime.resource.ResourceCacheImpl)
2016-05-24 12:37:27,637 - Default ResourceManager initialization complete.
2016-05-24 12:37:27,637 - Loaded System Directive: org.apache.velocity.runtime.directive.Literal
2016-05-24 12:37:27,637 - Loaded System Directive: org.apache.velocity.runtime.directive.Macro
2016-05-24 12:37:27,637 - Loaded System Directive: org.apache.velocity.runtime.directive.Parse
2016-05-24 12:37:27,652 - Loaded System Directive: org.apache.velocity.runtime.directive.Include
2016-05-24 12:37:27,652 - Loaded System Directive: org.apache.velocity.runtime.directive.Foreach
2016-05-24 12:37:27,668 - Created: 20 parsers.
2016-05-24 12:37:27,684 - Velocimacro : initialization starting.
2016-05-24 12:37:27,684 - Velocimacro : adding VMs from VM library template : VM_global_library.vm
2016-05-24 12:37:27,699 - ResourceManager : unable to find resource 'VM_global_library.vm' in any resource loader.
2016-05-24 12:37:27,699 - Velocimacro : error using  VM library template VM_global_library.vm : org.apache.velocity.exception.ResourceNotFoundException: Unable to find resource 'VM_global_library.vm'
2016-05-24 12:37:27,699 - Velocimacro :  VM library template macro registration complete.
2016-05-24 12:37:27,699 - Velocimacro : allowInline = true : VMs can be defined inline in templates
2016-05-24 12:37:27,699 - Velocimacro : allowInlineToOverride = false : VMs defined inline may NOT replace previous VM definitions
2016-05-24 12:37:27,699 - Velocimacro : allowInlineLocal = false : VMs defined inline will be  global in scope if allowed.
2016-05-24 12:37:27,699 - Velocimacro : messages on  : VM system will output logging messages
2016-05-24 12:37:27,699 - Velocimacro : autoload off  : VM system will not automatically reload global library macros
2016-05-24 12:37:27,699 - Velocimacro : initialization complete.
2016-05-24 12:37:27,699 - Velocity successfully started.
2016-05-24 13:46:14,085 - SimpleLog4JLogSystem initialized using logfile 'velocity.log'
2016-05-24 13:46:14,085 - ************************************************************** 
2016-05-24 13:46:14,085 - Starting Jakarta Velocity v1.4
2016-05-24 13:46:14,085 - RuntimeInstance initializing.
2016-05-24 13:46:14,085 - Default Properties File: org\apache\velocity\runtime\defaults\velocity.properties
2016-05-24 13:46:14,085 - Trying to use logger class org.apache.velocity.runtime.log.SimpleLog4JLogSystem
2016-05-24 13:46:14,085 - Using logger class org.apache.velocity.runtime.log.SimpleLog4JLogSystem
2016-05-24 13:46:14,085 - Default ResourceManager initializing. (class org.apache.velocity.runtime.resource.ResourceManagerImpl)
2016-05-24 13:46:14,085 - Resource Loader Instantiated: org.apache.velocity.runtime.resource.loader.ClasspathResourceLoader
2016-05-24 13:46:14,085 - ClasspathResourceLoader : initialization starting.
2016-05-24 13:46:14,085 - ClasspathResourceLoader : initialization complete.
2016-05-24 13:46:14,085 - ResourceCache : initialized. (class org.apache.velocity.runtime.resource.ResourceCacheImpl)
2016-05-24 13:46:14,085 - Default ResourceManager initialization complete.
2016-05-24 13:46:14,085 - Loaded System Directive: org.apache.velocity.runtime.directive.Literal
2016-05-24 13:46:14,085 - Loaded System Directive: org.apache.velocity.runtime.directive.Macro
2016-05-24 13:46:14,103 - Loaded System Directive: org.apache.velocity.runtime.directive.Parse
2016-05-24 13:46:14,105 - Loaded System Directive: org.apache.velocity.runtime.directive.Include
2016-05-24 13:46:14,106 - Loaded System Directive: org.apache.velocity.runtime.directive.Foreach
2016-05-24 13:46:14,122 - Created: 20 parsers.
2016-05-24 13:46:14,138 - Velocimacro : initialization starting.
2016-05-24 13:46:14,138 - Velocimacro : adding VMs from VM library template : VM_global_library.vm
2016-05-24 13:46:14,154 - ResourceManager : unable to find resource 'VM_global_library.vm' in any resource loader.
2016-05-24 13:46:14,154 - Velocimacro : error using  VM library template VM_global_library.vm : org.apache.velocity.exception.ResourceNotFoundException: Unable to find resource 'VM_global_library.vm'
2016-05-24 13:46:14,154 - Velocimacro :  VM library template macro registration complete.
2016-05-24 13:46:14,154 - Velocimacro : allowInline = true : VMs can be defined inline in templates
2016-05-24 13:46:14,154 - Velocimacro : allowInlineToOverride = false : VMs defined inline may NOT replace previous VM definitions
2016-05-24 13:46:14,154 - Velocimacro : allowInlineLocal = false : VMs defined inline will be  global in scope if allowed.
2016-05-24 13:46:14,154 - Velocimacro : messages on  : VM system will output logging messages
2016-05-24 13:46:14,154 - Velocimacro : autoload off  : VM system will not automatically reload global library macros
2016-05-24 13:46:14,154 - Velocimacro : initialization complete.
2016-05-24 13:46:14,154 - Velocity successfully started.
2016-05-25 11:30:05,250 - SimpleLog4JLogSystem initialized using logfile 'velocity.log'
2016-05-25 11:30:05,280 - ************************************************************** 
2016-05-25 11:30:05,280 - Starting Jakarta Velocity v1.4
2016-05-25 11:30:05,280 - RuntimeInstance initializing.
2016-05-25 11:30:05,280 - Default Properties File: org\apache\velocity\runtime\defaults\velocity.properties
2016-05-25 11:30:05,280 - Trying to use logger class org.apache.velocity.runtime.log.SimpleLog4JLogSystem
2016-05-25 11:30:05,280 - Using logger class org.apache.velocity.runtime.log.SimpleLog4JLogSystem
2016-05-25 11:30:05,284 - Default ResourceManager initializing. (class org.apache.velocity.runtime.resource.ResourceManagerImpl)
2016-05-25 11:30:05,287 - Resource Loader Instantiated: org.apache.velocity.runtime.resource.loader.ClasspathResourceLoader
2016-05-25 11:30:05,287 - ClasspathResourceLoader : initialization starting.
2016-05-25 11:30:05,287 - ClasspathResourceLoader : initialization complete.
2016-05-25 11:30:05,289 - ResourceCache : initialized. (class org.apache.velocity.runtime.resource.ResourceCacheImpl)
2016-05-25 11:30:05,289 - Default ResourceManager initialization complete.
2016-05-25 11:30:05,292 - Loaded System Directive: org.apache.velocity.runtime.directive.Literal
2016-05-25 11:30:05,296 - Loaded System Directive: org.apache.velocity.runtime.directive.Macro
2016-05-25 11:30:05,299 - Loaded System Directive: org.apache.velocity.runtime.directive.Parse
2016-05-25 11:30:05,301 - Loaded System Directive: org.apache.velocity.runtime.directive.Include
2016-05-25 11:30:05,302 - Loaded System Directive: org.apache.velocity.runtime.directive.Foreach
2016-05-25 11:30:05,333 - Created: 20 parsers.
2016-05-25 11:30:05,344 - Velocimacro : initialization starting.
2016-05-25 11:30:05,344 - Velocimacro : adding VMs from VM library template : VM_global_library.vm
2016-05-25 11:30:05,357 - ResourceManager : unable to find resource 'VM_global_library.vm' in any resource loader.
2016-05-25 11:30:05,357 - Velocimacro : error using  VM library template VM_global_library.vm : org.apache.velocity.exception.ResourceNotFoundException: Unable to find resource 'VM_global_library.vm'
2016-05-25 11:30:05,357 - Velocimacro :  VM library template macro registration complete.
2016-05-25 11:30:05,357 - Velocimacro : allowInline = true : VMs can be defined inline in templates
2016-05-25 11:30:05,357 - Velocimacro : allowInlineToOverride = false : VMs defined inline may NOT replace previous VM definitions
2016-05-25 11:30:05,357 - Velocimacro : allowInlineLocal = false : VMs defined inline will be  global in scope if allowed.
2016-05-25 11:30:05,357 - Velocimacro : messages on  : VM system will output logging messages
2016-05-25 11:30:05,357 - Velocimacro : autoload off  : VM system will not automatically reload global library macros
2016-05-25 11:30:05,357 - Velocimacro : initialization complete.
2016-05-25 11:30:05,357 - Velocity successfully started.
2016-05-25 14:00:13,005 - SimpleLog4JLogSystem initialized using logfile 'velocity.log'
2016-05-25 14:00:13,005 - ************************************************************** 
2016-05-25 14:00:13,005 - Starting Jakarta Velocity v1.4
2016-05-25 14:00:13,005 - RuntimeInstance initializing.
2016-05-25 14:00:13,005 - Default Properties File: org\apache\velocity\runtime\defaults\velocity.properties
2016-05-25 14:00:13,005 - Trying to use logger class org.apache.velocity.runtime.log.SimpleLog4JLogSystem
2016-05-25 14:00:13,005 - Using logger class org.apache.velocity.runtime.log.SimpleLog4JLogSystem
2016-05-25 14:00:13,010 - Default ResourceManager initializing. (class org.apache.velocity.runtime.resource.ResourceManagerImpl)
2016-05-25 14:00:13,014 - Resource Loader Instantiated: org.apache.velocity.runtime.resource.loader.ClasspathResourceLoader
2016-05-25 14:00:13,015 - ClasspathResourceLoader : initialization starting.
2016-05-25 14:00:13,015 - ClasspathResourceLoader : initialization complete.
2016-05-25 14:00:13,017 - ResourceCache : initialized. (class org.apache.velocity.runtime.resource.ResourceCacheImpl)
2016-05-25 14:00:13,017 - Default ResourceManager initialization complete.
2016-05-25 14:00:13,022 - Loaded System Directive: org.apache.velocity.runtime.directive.Literal
2016-05-25 14:00:13,027 - Loaded System Directive: org.apache.velocity.runtime.directive.Macro
2016-05-25 14:00:13,032 - Loaded System Directive: org.apache.velocity.runtime.directive.Parse
2016-05-25 14:00:13,035 - Loaded System Directive: org.apache.velocity.runtime.directive.Include
2016-05-25 14:00:13,036 - Loaded System Directive: org.apache.velocity.runtime.directive.Foreach
2016-05-25 14:00:13,081 - Created: 20 parsers.
2016-05-25 14:00:13,096 - Velocimacro : initialization starting.
2016-05-25 14:00:13,097 - Velocimacro : adding VMs from VM library template : VM_global_library.vm
2016-05-25 14:00:13,114 - ResourceManager : unable to find resource 'VM_global_library.vm' in any resource loader.
2016-05-25 14:00:13,115 - Velocimacro : error using  VM library template VM_global_library.vm : org.apache.velocity.exception.ResourceNotFoundException: Unable to find resource 'VM_global_library.vm'
2016-05-25 14:00:13,115 - Velocimacro :  VM library template macro registration complete.
2016-05-25 14:00:13,115 - Velocimacro : allowInline = true : VMs can be defined inline in templates
2016-05-25 14:00:13,115 - Velocimacro : allowInlineToOverride = false : VMs defined inline may NOT replace previous VM definitions
2016-05-25 14:00:13,115 - Velocimacro : allowInlineLocal = false : VMs defined inline will be  global in scope if allowed.
2016-05-25 14:00:13,115 - Velocimacro : messages on  : VM system will output logging messages
2016-05-25 14:00:13,115 - Velocimacro : autoload off  : VM system will not automatically reload global library macros
2016-05-25 14:00:13,115 - Velocimacro : initialization complete.
2016-05-25 14:00:13,115 - Velocity successfully started.
2016-05-25 14:12:24,803 - SimpleLog4JLogSystem initialized using logfile 'velocity.log'
2016-05-25 14:12:24,803 - ************************************************************** 
2016-05-25 14:12:24,803 - Starting Jakarta Velocity v1.4
2016-05-25 14:12:24,803 - RuntimeInstance initializing.
2016-05-25 14:12:24,803 - Default Properties File: org\apache\velocity\runtime\defaults\velocity.properties
2016-05-25 14:12:24,803 - Trying to use logger class org.apache.velocity.runtime.log.SimpleLog4JLogSystem
2016-05-25 14:12:24,803 - Using logger class org.apache.velocity.runtime.log.SimpleLog4JLogSystem
2016-05-25 14:12:24,807 - Default ResourceManager initializing. (class org.apache.velocity.runtime.resource.ResourceManagerImpl)
2016-05-25 14:12:24,810 - Resource Loader Instantiated: org.apache.velocity.runtime.resource.loader.ClasspathResourceLoader
2016-05-25 14:12:24,810 - ClasspathResourceLoader : initialization starting.
2016-05-25 14:12:24,810 - ClasspathResourceLoader : initialization complete.
2016-05-25 14:12:24,812 - ResourceCache : initialized. (class org.apache.velocity.runtime.resource.ResourceCacheImpl)
2016-05-25 14:12:24,812 - Default ResourceManager initialization complete.
2016-05-25 14:12:24,816 - Loaded System Directive: org.apache.velocity.runtime.directive.Literal
2016-05-25 14:12:24,818 - Loaded System Directive: org.apache.velocity.runtime.directive.Macro
2016-05-25 14:12:24,823 - Loaded System Directive: org.apache.velocity.runtime.directive.Parse
2016-05-25 14:12:24,825 - Loaded System Directive: org.apache.velocity.runtime.directive.Include
2016-05-25 14:12:24,826 - Loaded System Directive: org.apache.velocity.runtime.directive.Foreach
2016-05-25 14:12:24,861 - Created: 20 parsers.
2016-05-25 14:12:24,873 - Velocimacro : initialization starting.
2016-05-25 14:12:24,873 - Velocimacro : adding VMs from VM library template : VM_global_library.vm
2016-05-25 14:12:24,886 - ResourceManager : unable to find resource 'VM_global_library.vm' in any resource loader.
2016-05-25 14:12:24,886 - Velocimacro : error using  VM library template VM_global_library.vm : org.apache.velocity.exception.ResourceNotFoundException: Unable to find resource 'VM_global_library.vm'
2016-05-25 14:12:24,886 - Velocimacro :  VM library template macro registration complete.
2016-05-25 14:12:24,886 - Velocimacro : allowInline = true : VMs can be defined inline in templates
2016-05-25 14:12:24,886 - Velocimacro : allowInlineToOverride = false : VMs defined inline may NOT replace previous VM definitions
2016-05-25 14:12:24,886 - Velocimacro : allowInlineLocal = false : VMs defined inline will be  global in scope if allowed.
2016-05-25 14:12:24,886 - Velocimacro : messages on  : VM system will output logging messages
2016-05-25 14:12:24,886 - Velocimacro : autoload off  : VM system will not automatically reload global library macros
2016-05-25 14:12:24,886 - Velocimacro : initialization complete.
2016-05-25 14:12:24,886 - Velocity successfully started.
2016-05-25 14:15:43,846 - SimpleLog4JLogSystem initialized using logfile 'velocity.log'
2016-05-25 14:15:43,847 - ************************************************************** 
2016-05-25 14:15:43,847 - Starting Jakarta Velocity v1.4
2016-05-25 14:15:43,847 - RuntimeInstance initializing.
2016-05-25 14:15:43,847 - Default Properties File: org\apache\velocity\runtime\defaults\velocity.properties
2016-05-25 14:15:43,847 - Trying to use logger class org.apache.velocity.runtime.log.SimpleLog4JLogSystem
2016-05-25 14:15:43,847 - Using logger class org.apache.velocity.runtime.log.SimpleLog4JLogSystem
2016-05-25 14:15:43,852 - Default ResourceManager initializing. (class org.apache.velocity.runtime.resource.ResourceManagerImpl)
2016-05-25 14:15:43,856 - Resource Loader Instantiated: org.apache.velocity.runtime.resource.loader.ClasspathResourceLoader
2016-05-25 14:15:43,856 - ClasspathResourceLoader : initialization starting.
2016-05-25 14:15:43,856 - ClasspathResourceLoader : initialization complete.
2016-05-25 14:15:43,859 - ResourceCache : initialized. (class org.apache.velocity.runtime.resource.ResourceCacheImpl)
2016-05-25 14:15:43,859 - Default ResourceManager initialization complete.
2016-05-25 14:15:43,864 - Loaded System Directive: org.apache.velocity.runtime.directive.Literal
2016-05-25 14:15:43,870 - Loaded System Directive: org.apache.velocity.runtime.directive.Macro
2016-05-25 14:15:43,875 - Loaded System Directive: org.apache.velocity.runtime.directive.Parse
2016-05-25 14:15:43,878 - Loaded System Directive: org.apache.velocity.runtime.directive.Include
2016-05-25 14:15:43,879 - Loaded System Directive: org.apache.velocity.runtime.directive.Foreach
2016-05-25 14:15:43,924 - Created: 20 parsers.
2016-05-25 14:15:43,939 - Velocimacro : initialization starting.
2016-05-25 14:15:43,939 - Velocimacro : adding VMs from VM library template : VM_global_library.vm
2016-05-25 14:15:43,959 - ResourceManager : unable to find resource 'VM_global_library.vm' in any resource loader.
2016-05-25 14:15:43,959 - Velocimacro : error using  VM library template VM_global_library.vm : org.apache.velocity.exception.ResourceNotFoundException: Unable to find resource 'VM_global_library.vm'
2016-05-25 14:15:43,959 - Velocimacro :  VM library template macro registration complete.
2016-05-25 14:15:43,959 - Velocimacro : allowInline = true : VMs can be defined inline in templates
2016-05-25 14:15:43,959 - Velocimacro : allowInlineToOverride = false : VMs defined inline may NOT replace previous VM definitions
2016-05-25 14:15:43,959 - Velocimacro : allowInlineLocal = false : VMs defined inline will be  global in scope if allowed.
2016-05-25 14:15:43,959 - Velocimacro : messages on  : VM system will output logging messages
2016-05-25 14:15:43,959 - Velocimacro : autoload off  : VM system will not automatically reload global library macros
2016-05-25 14:15:43,959 - Velocimacro : initialization complete.
2016-05-25 14:15:43,959 - Velocity successfully started.
2016-05-25 14:35:50,505 - ResourceManager : found repast/simphony/parameter/parameters.vt with loader org.apache.velocity.runtime.resource.loader.ClasspathResourceLoader
2016-05-25 14:37:11,371 - SimpleLog4JLogSystem initialized using logfile 'velocity.log'
2016-05-25 14:37:11,371 - ************************************************************** 
2016-05-25 14:37:11,371 - Starting Jakarta Velocity v1.4
2016-05-25 14:37:11,371 - RuntimeInstance initializing.
2016-05-25 14:37:11,371 - Default Properties File: org\apache\velocity\runtime\defaults\velocity.properties
2016-05-25 14:37:11,371 - Trying to use logger class org.apache.velocity.runtime.log.SimpleLog4JLogSystem
2016-05-25 14:37:11,371 - Using logger class org.apache.velocity.runtime.log.SimpleLog4JLogSystem
2016-05-25 14:37:11,375 - Default ResourceManager initializing. (class org.apache.velocity.runtime.resource.ResourceManagerImpl)
2016-05-25 14:37:11,378 - Resource Loader Instantiated: org.apache.velocity.runtime.resource.loader.ClasspathResourceLoader
2016-05-25 14:37:11,378 - ClasspathResourceLoader : initialization starting.
2016-05-25 14:37:11,378 - ClasspathResourceLoader : initialization complete.
2016-05-25 14:37:11,380 - ResourceCache : initialized. (class org.apache.velocity.runtime.resource.ResourceCacheImpl)
2016-05-25 14:37:11,381 - Default ResourceManager initialization complete.
2016-05-25 14:37:11,384 - Loaded System Directive: org.apache.velocity.runtime.directive.Literal
2016-05-25 14:37:11,386 - Loaded System Directive: org.apache.velocity.runtime.directive.Macro
2016-05-25 14:37:11,391 - Loaded System Directive: org.apache.velocity.runtime.directive.Parse
2016-05-25 14:37:11,394 - Loaded System Directive: org.apache.velocity.runtime.directive.Include
2016-05-25 14:37:11,395 - Loaded System Directive: org.apache.velocity.runtime.directive.Foreach
2016-05-25 14:37:11,430 - Created: 20 parsers.
2016-05-25 14:37:11,443 - Velocimacro : initialization starting.
2016-05-25 14:37:11,443 - Velocimacro : adding VMs from VM library template : VM_global_library.vm
2016-05-25 14:37:11,457 - ResourceManager : unable to find resource 'VM_global_library.vm' in any resource loader.
2016-05-25 14:37:11,457 - Velocimacro : error using  VM library template VM_global_library.vm : org.apache.velocity.exception.ResourceNotFoundException: Unable to find resource 'VM_global_library.vm'
2016-05-25 14:37:11,457 - Velocimacro :  VM library template macro registration complete.
2016-05-25 14:37:11,457 - Velocimacro : allowInline = true : VMs can be defined inline in templates
2016-05-25 14:37:11,457 - Velocimacro : allowInlineToOverride = false : VMs defined inline may NOT replace previous VM definitions
2016-05-25 14:37:11,457 - Velocimacro : allowInlineLocal = false : VMs defined inline will be  global in scope if allowed.
2016-05-25 14:37:11,457 - Velocimacro : messages on  : VM system will output logging messages
2016-05-25 14:37:11,457 - Velocimacro : autoload off  : VM system will not automatically reload global library macros
2016-05-25 14:37:11,457 - Velocimacro : initialization complete.
2016-05-25 14:37:11,457 - Velocity successfully started.
2016-05-25 14:47:43,465 - SimpleLog4JLogSystem initialized using logfile 'velocity.log'
2016-05-25 14:47:43,466 - ************************************************************** 
2016-05-25 14:47:43,466 - Starting Jakarta Velocity v1.4
2016-05-25 14:47:43,466 - RuntimeInstance initializing.
2016-05-25 14:47:43,466 - Default Properties File: org\apache\velocity\runtime\defaults\velocity.properties
2016-05-25 14:47:43,466 - Trying to use logger class org.apache.velocity.runtime.log.SimpleLog4JLogSystem
2016-05-25 14:47:43,466 - Using logger class org.apache.velocity.runtime.log.SimpleLog4JLogSystem
2016-05-25 14:47:43,471 - Default ResourceManager initializing. (class org.apache.velocity.runtime.resource.ResourceManagerImpl)
2016-05-25 14:47:43,475 - Resource Loader Instantiated: org.apache.velocity.runtime.resource.loader.ClasspathResourceLoader
2016-05-25 14:47:43,475 - ClasspathResourceLoader : initialization starting.
2016-05-25 14:47:43,475 - ClasspathResourceLoader : initialization complete.
2016-05-25 14:47:43,478 - ResourceCache : initialized. (class org.apache.velocity.runtime.resource.ResourceCacheImpl)
2016-05-25 14:47:43,478 - Default ResourceManager initialization complete.
2016-05-25 14:47:43,483 - Loaded System Directive: org.apache.velocity.runtime.directive.Literal
2016-05-25 14:47:43,487 - Loaded System Directive: org.apache.velocity.runtime.directive.Macro
2016-05-25 14:47:43,492 - Loaded System Directive: org.apache.velocity.runtime.directive.Parse
2016-05-25 14:47:43,495 - Loaded System Directive: org.apache.velocity.runtime.directive.Include
2016-05-25 14:47:43,497 - Loaded System Directive: org.apache.velocity.runtime.directive.Foreach
2016-05-25 14:47:43,541 - Created: 20 parsers.
2016-05-25 14:47:43,557 - Velocimacro : initialization starting.
2016-05-25 14:47:43,557 - Velocimacro : adding VMs from VM library template : VM_global_library.vm
2016-05-25 14:47:43,575 - ResourceManager : unable to find resource 'VM_global_library.vm' in any resource loader.
2016-05-25 14:47:43,575 - Velocimacro : error using  VM library template VM_global_library.vm : org.apache.velocity.exception.ResourceNotFoundException: Unable to find resource 'VM_global_library.vm'
2016-05-25 14:47:43,575 - Velocimacro :  VM library template macro registration complete.
2016-05-25 14:47:43,575 - Velocimacro : allowInline = true : VMs can be defined inline in templates
2016-05-25 14:47:43,575 - Velocimacro : allowInlineToOverride = false : VMs defined inline may NOT replace previous VM definitions
2016-05-25 14:47:43,575 - Velocimacro : allowInlineLocal = false : VMs defined inline will be  global in scope if allowed.
2016-05-25 14:47:43,575 - Velocimacro : messages on  : VM system will output logging messages
2016-05-25 14:47:43,575 - Velocimacro : autoload off  : VM system will not automatically reload global library macros
2016-05-25 14:47:43,575 - Velocimacro : initialization complete.
2016-05-25 14:47:43,575 - Velocity successfully started.
2016-05-25 16:54:00,181 - SimpleLog4JLogSystem initialized using logfile 'velocity.log'
2016-05-25 16:54:00,181 - ************************************************************** 
2016-05-25 16:54:00,181 - Starting Jakarta Velocity v1.4
2016-05-25 16:54:00,181 - RuntimeInstance initializing.
2016-05-25 16:54:00,181 - Default Properties File: org\apache\velocity\runtime\defaults\velocity.properties
2016-05-25 16:54:00,181 - Trying to use logger class org.apache.velocity.runtime.log.SimpleLog4JLogSystem
2016-05-25 16:54:00,181 - Using logger class org.apache.velocity.runtime.log.SimpleLog4JLogSystem
2016-05-25 16:54:00,186 - Default ResourceManager initializing. (class org.apache.velocity.runtime.resource.ResourceManagerImpl)
2016-05-25 16:54:00,191 - Resource Loader Instantiated: org.apache.velocity.runtime.resource.loader.ClasspathResourceLoader
2016-05-25 16:54:00,191 - ClasspathResourceLoader : initialization starting.
2016-05-25 16:54:00,191 - ClasspathResourceLoader : initialization complete.
2016-05-25 16:54:00,194 - ResourceCache : initialized. (class org.apache.velocity.runtime.resource.ResourceCacheImpl)
2016-05-25 16:54:00,194 - Default ResourceManager initialization complete.
2016-05-25 16:54:00,199 - Loaded System Directive: org.apache.velocity.runtime.directive.Literal
2016-05-25 16:54:00,205 - Loaded System Directive: org.apache.velocity.runtime.directive.Macro
2016-05-25 16:54:00,212 - Loaded System Directive: org.apache.velocity.runtime.directive.Parse
2016-05-25 16:54:00,216 - Loaded System Directive: org.apache.velocity.runtime.directive.Include
2016-05-25 16:54:00,219 - Loaded System Directive: org.apache.velocity.runtime.directive.Foreach
2016-05-25 16:54:00,269 - Created: 20 parsers.
2016-05-25 16:54:00,285 - Velocimacro : initialization starting.
2016-05-25 16:54:00,285 - Velocimacro : adding VMs from VM library template : VM_global_library.vm
2016-05-25 16:54:00,303 - ResourceManager : unable to find resource 'VM_global_library.vm' in any resource loader.
2016-05-25 16:54:00,303 - Velocimacro : error using  VM library template VM_global_library.vm : org.apache.velocity.exception.ResourceNotFoundException: Unable to find resource 'VM_global_library.vm'
2016-05-25 16:54:00,303 - Velocimacro :  VM library template macro registration complete.
2016-05-25 16:54:00,303 - Velocimacro : allowInline = true : VMs can be defined inline in templates
2016-05-25 16:54:00,303 - Velocimacro : allowInlineToOverride = false : VMs defined inline may NOT replace previous VM definitions
2016-05-25 16:54:00,303 - Velocimacro : allowInlineLocal = false : VMs defined inline will be  global in scope if allowed.
2016-05-25 16:54:00,303 - Velocimacro : messages on  : VM system will output logging messages
2016-05-25 16:54:00,303 - Velocimacro : autoload off  : VM system will not automatically reload global library macros
2016-05-25 16:54:00,303 - Velocimacro : initialization complete.
2016-05-25 16:54:00,303 - Velocity successfully started.
2016-05-25 16:56:27,122 - SimpleLog4JLogSystem initialized using logfile 'velocity.log'
2016-05-25 16:56:27,123 - ************************************************************** 
2016-05-25 16:56:27,123 - Starting Jakarta Velocity v1.4
2016-05-25 16:56:27,123 - RuntimeInstance initializing.
2016-05-25 16:56:27,123 - Default Properties File: org\apache\velocity\runtime\defaults\velocity.properties
2016-05-25 16:56:27,123 - Trying to use logger class org.apache.velocity.runtime.log.SimpleLog4JLogSystem
2016-05-25 16:56:27,123 - Using logger class org.apache.velocity.runtime.log.SimpleLog4JLogSystem
2016-05-25 16:56:27,128 - Default ResourceManager initializing. (class org.apache.velocity.runtime.resource.ResourceManagerImpl)
2016-05-25 16:56:27,132 - Resource Loader Instantiated: org.apache.velocity.runtime.resource.loader.ClasspathResourceLoader
2016-05-25 16:56:27,132 - ClasspathResourceLoader : initialization starting.
2016-05-25 16:56:27,132 - ClasspathResourceLoader : initialization complete.
2016-05-25 16:56:27,135 - ResourceCache : initialized. (class org.apache.velocity.runtime.resource.ResourceCacheImpl)
2016-05-25 16:56:27,135 - Default ResourceManager initialization complete.
2016-05-25 16:56:27,140 - Loaded System Directive: org.apache.velocity.runtime.directive.Literal
2016-05-25 16:56:27,145 - Loaded System Directive: org.apache.velocity.runtime.directive.Macro
2016-05-25 16:56:27,150 - Loaded System Directive: org.apache.velocity.runtime.directive.Parse
2016-05-25 16:56:27,153 - Loaded System Directive: org.apache.velocity.runtime.directive.Include
2016-05-25 16:56:27,155 - Loaded System Directive: org.apache.velocity.runtime.directive.Foreach
2016-05-25 16:56:27,201 - Created: 20 parsers.
2016-05-25 16:56:27,222 - Velocimacro : initialization starting.
2016-05-25 16:56:27,222 - Velocimacro : adding VMs from VM library template : VM_global_library.vm
2016-05-25 16:56:27,247 - ResourceManager : unable to find resource 'VM_global_library.vm' in any resource loader.
2016-05-25 16:56:27,247 - Velocimacro : error using  VM library template VM_global_library.vm : org.apache.velocity.exception.ResourceNotFoundException: Unable to find resource 'VM_global_library.vm'
2016-05-25 16:56:27,247 - Velocimacro :  VM library template macro registration complete.
2016-05-25 16:56:27,247 - Velocimacro : allowInline = true : VMs can be defined inline in templates
2016-05-25 16:56:27,247 - Velocimacro : allowInlineToOverride = false : VMs defined inline may NOT replace previous VM definitions
2016-05-25 16:56:27,247 - Velocimacro : allowInlineLocal = false : VMs defined inline will be  global in scope if allowed.
2016-05-25 16:56:27,247 - Velocimacro : messages on  : VM system will output logging messages
2016-05-25 16:56:27,247 - Velocimacro : autoload off  : VM system will not automatically reload global library macros
2016-05-25 16:56:27,247 - Velocimacro : initialization complete.
2016-05-25 16:56:27,247 - Velocity successfully started.
